<?xml version="1.0" encoding="UTF-8"?>
<!-- Generated by org.testng.reporters.JUnitReportReporter -->
<testsuite hostname="DDC2-LX-52412K9" name="com.testng.demo2.PriorityTest" tests="2" failures="0" timestamp="20 Mar 2018 06:07:36 GMT" time="0.060" errors="0">
  <testcase name="testcase3" time="0.016" classname="com.testng.demo2.PriorityTest"/>
  <testcase name="testcase1" time="0.044" classname="com.testng.demo2.PriorityTest"/>
</testsuite> <!-- com.testng.demo2.PriorityTest -->
