<?xml version="1.0" encoding="UTF-8"?>
<!-- Generated by org.testng.reporters.JUnitReportReporter -->
<testsuite hostname="DDC2-LX-52412K9" name="com.testng.demo.DataProviderTest" tests="2" failures="0" timestamp="27 Feb 2018 06:14:30 GMT" time="0.067" errors="0">
  <testcase name="f" time="0.015" classname="com.testng.demo.DataProviderTest"/>
  <testcase name="f" time="0.052" classname="com.testng.demo.DataProviderTest"/>
</testsuite> <!-- com.testng.demo.DataProviderTest -->
