<?xml version="1.0" encoding="UTF-8"?>
<!-- Generated by org.testng.reporters.JUnitReportReporter -->
<testsuite hostname="DDC2-LX-52412K9" name="com.testng.demo.PriorityTest" tests="2" failures="0" timestamp="27 Feb 2018 20:05:58 GMT" time="0.024" errors="0">
  <testcase name="methoda" time="0.004" classname="com.testng.demo.PriorityTest"/>
  <testcase name="methodc" time="0.020" classname="com.testng.demo.PriorityTest"/>
</testsuite> <!-- com.testng.demo.PriorityTest -->
