<?xml version="1.0" encoding="UTF-8"?>
<!-- Generated by org.testng.reporters.JUnitReportReporter -->
<testsuite hostname="DDC2-LX-52412K9" name="com.testng.demo.RegisterUsingPom" tests="1" failures="0" timestamp="28 Feb 2018 07:09:12 GMT" time="0.348" errors="0">
  <testcase name="f" time="0.348" classname="com.testng.demo.RegisterUsingPom"/>
</testsuite> <!-- com.testng.demo.RegisterUsingPom -->
