<?xml version="1.0" encoding="UTF-8"?>
<!-- Generated by org.testng.reporters.JUnitReportReporter -->
<testsuite hostname="DDC2-LX-52412K9" name="com.testng.demo.ParallelRegistration" tests="2" failures="0" timestamp="21 Mar 2018 04:54:22 GMT" time="0.041" errors="0">
  <testcase name="f" time="0.035" classname="com.testng.demo.ParallelRegistration"/>
  <testcase name="f" time="0.006" classname="com.testng.demo.ParallelRegistration"/>
</testsuite> <!-- com.testng.demo.ParallelRegistration -->
