<?xml version="1.0" encoding="UTF-8"?>
<!-- Generated by org.testng.reporters.JUnitReportReporter -->
<testsuite hostname="DDC2-LX-52412K9" name="com.testng.demo.BrowserLaunch" tests="1" failures="0" timestamp="20 Mar 2018 09:05:31 GMT" time="1.796" errors="0">
  <testcase name="f" time="1.796" classname="com.testng.demo.BrowserLaunch"/>
</testsuite> <!-- com.testng.demo.BrowserLaunch -->
