<?xml version="1.0" encoding="UTF-8"?>
<!-- Generated by org.testng.reporters.JUnitReportReporter -->
<testsuite hostname="DDC2-LX-52412K9" name="com.testng.demo.FirstTestng" tests="1" failures="0" timestamp="20 Mar 2018 05:11:42 GMT" time="0.014" errors="0">
  <testcase name="f" time="0.014" classname="com.testng.demo.FirstTestng"/>
</testsuite> <!-- com.testng.demo.FirstTestng -->
